#
# There is insufficient memory for the Java Runtime Environment to continue.
# Native memory allocation (mmap) failed to map 65011712 bytes for Failed to commit area from 0x00000000c2000000 to 0x00000000c5e00000 of length 65011712.
# Possible reasons:
#   The system is out of physical RAM or swap space
#   The process is running with CompressedOops enabled, and the Java Heap may be blocking the growth of the native heap
# Possible solutions:
#   Reduce memory load on the system
#   Increase physical memory or swap space
#   Check if swap backing store is full
#   Decrease Java heap size (-Xmx/-Xms)
#   Decrease number of Java threads
#   Decrease Java thread stack sizes (-Xss)
#   Set larger code cache with -XX:ReservedCodeCacheSize=
#   JVM is running with Unscaled Compressed Oops mode in which the Java heap is
#     placed in the first 4GB address space. The Java Heap base address is the
#     maximum limit for the native heap growth. Please use -XX:HeapBaseMinAddress
#     to set the Java Heap base and to place the Java Heap above 4GB virtual address.
# This output file may be truncated or incomplete.
#
#  Out of Memory Error (./open/src/hotspot/os/windows/os_windows.cpp:3315), pid=4388, tid=6344
#
# JRE version:  (14.0.2+12) (build )
# Java VM: Java HotSpot(TM) 64-Bit Server VM (14.0.2+12-46, mixed mode, sharing, tiered, compressed oops, g1 gc, windows-amd64)
# No core dump will be written. Minidumps are not enabled by default on client versions of Windows
#

---------------  S U M M A R Y ------------

Command Line: -Dfile.encoding=Cp1252 gui.Home

Host: Intel(R) Core(TM) i5-7200U CPU @ 2.50GHz, 4 cores, 3G,  Windows 10 , 64 bit Build 14393 (10.0.14393.1198)
Time: Thu Oct  8 09:21:31 2020 SE Asia Standard Time elapsed time: 0 seconds (0d 0h 0m 0s)

---------------  T H R E A D  ---------------

Current thread (0x0000024e06a2a000):  JavaThread "Unknown thread" [_thread_in_vm, id=6344, stack(0x000000f151900000,0x000000f151a00000)]

Stack: [0x000000f151900000,0x000000f151a00000]
Native frames: (J=compiled Java code, j=interpreted, Vv=VM code, C=native code)
V  [jvm.dll+0x5f8a9a]
V  [jvm.dll+0x74247a]
V  [jvm.dll+0x743c2f]
V  [jvm.dll+0x744273]
V  [jvm.dll+0x20d288]
V  [jvm.dll+0x5f5dea]
V  [jvm.dll+0x5eac45]
V  [jvm.dll+0x2c7e9c]
V  [jvm.dll+0x2c7cd2]
V  [jvm.dll+0x2cdbbc]
V  [jvm.dll+0x313fe8]
V  [jvm.dll+0x313710]
V  [jvm.dll+0x2a092a]
V  [jvm.dll+0x2a1a79]
V  [jvm.dll+0x71fd48]
V  [jvm.dll+0x321c14]
V  [jvm.dll+0x70112c]
V  [jvm.dll+0x392def]
V  [jvm.dll+0x394e61]
C  [jli.dll+0x524b]
C  [ucrtbase.dll+0x1cab0]
C  [KERNEL32.DLL+0x8364]
C  [ntdll.dll+0x670d1]


---------------  P R O C E S S  ---------------

Threads class SMR info:
_java_thread_list=0x00007ffea1f93038, length=0, elements={
}

Java Threads: ( => current thread )

Other Threads:
  0x0000024e06a52800 GCTaskThread "GC Thread#0" [stack: 0x000000f151a00000,0x000000f151b00000] [id=9212]
  0x0000024e06a5c800 ConcurrentGCThread "G1 Main Marker" [stack: 0x000000f151b00000,0x000000f151c00000] [id=5364]
  0x0000024e06a5e000 ConcurrentGCThread "G1 Conc#0" [stack: 0x000000f151c00000,0x000000f151d00000] [id=3056]

[error occurred during error reporting (printing all threads), id 0xc0000005, EXCEPTION_ACCESS_VIOLATION (0xc0000005) at pc=0x00007ffea17c1257]

VM state:not at safepoint (not fully initialized)

VM Mutex/Monitor currently owned by a thread:  ([mutex/lock_event])
[0x0000024e06a27140] Heap_lock - owner thread: 0x0000024e06a2a000

Heap address: 0x00000000c2000000, size: 992 MB, Compressed Oops mode: 32-bit
Narrow klass base: 0x0000000000000000, Narrow klass shift: 0

GC Heap History (0 events):
No events

Deoptimization events (0 events):
No events

Classes unloaded (0 events):
No events

Classes redefined (0 events):
No events

Internal exceptions (0 events):
No events

Events (2 events):
Event: 0.003 Loaded shared library C:\Program Files\Java\jdk-14.0.2\bin\java.dll
Event: 0.003 Loaded shared library C:\Program Files\Java\jdk-14.0.2\bin\zip.dll


Dynamic libraries:
0x00007ff71cfc0000 - 0x00007ff71cfcf000 	C:\Program Files\Java\jdk-14.0.2\bin\javaw.exe
0x00007ffec5810000 - 0x00007ffec59e1000 	C:\Windows\SYSTEM32\ntdll.dll
0x00007ffec5620000 - 0x00007ffec56cc000 	C:\Windows\System32\KERNEL32.DLL
0x00007ffec1ea0000 - 0x00007ffec20bd000 	C:\Windows\System32\KERNELBASE.dll
0x00007ffec1da0000 - 0x00007ffec1e95000 	C:\Windows\System32\ucrtbase.dll
0x00007ffeb2490000 - 0x00007ffeb24a5000 	C:\Program Files\Java\jdk-14.0.2\bin\VCRUNTIME140.dll
0x00007ffeb2470000 - 0x00007ffeb2488000 	C:\Program Files\Java\jdk-14.0.2\bin\jli.dll
0x00007ffec32b0000 - 0x00007ffec3352000 	C:\Windows\System32\ADVAPI32.dll
0x00007ffec3b70000 - 0x00007ffec3c0e000 	C:\Windows\System32\msvcrt.dll
0x00007ffec40b0000 - 0x00007ffec4109000 	C:\Windows\System32\sechost.dll
0x00007ffec56e0000 - 0x00007ffec5801000 	C:\Windows\System32\RPCRT4.dll
0x00007ffec3140000 - 0x00007ffec32a5000 	C:\Windows\System32\USER32.dll
0x00007ffec1d10000 - 0x00007ffec1d2e000 	C:\Windows\System32\win32u.dll
0x00007ffec2da0000 - 0x00007ffec2dd4000 	C:\Windows\System32\GDI32.dll
0x00007ffec20c0000 - 0x00007ffec2240000 	C:\Windows\System32\gdi32full.dll
0x00007ffeb86a0000 - 0x00007ffeb891a000 	C:\Windows\WinSxS\amd64_microsoft.windows.common-controls_6595b64144ccf1df_6.0.14393.953_none_42151e83c686086b\COMCTL32.dll
0x00007ffec35c0000 - 0x00007ffec3888000 	C:\Windows\System32\combase.dll
0x00007ffec1d30000 - 0x00007ffec1d9a000 	C:\Windows\System32\bcryptPrimitives.dll
0x00007ffeb8af0000 - 0x00007ffeb8afa000 	C:\Windows\SYSTEM32\VERSION.dll
0x00007ffec3430000 - 0x00007ffec345e000 	C:\Windows\System32\IMM32.DLL
0x00007ffeb23d0000 - 0x00007ffeb246b000 	C:\Program Files\Java\jdk-14.0.2\bin\msvcp140.dll
0x00007ffea1510000 - 0x00007ffea202e000 	C:\Program Files\Java\jdk-14.0.2\bin\server\jvm.dll
0x00007ffec40a0000 - 0x00007ffec40a8000 	C:\Windows\System32\PSAPI.DLL
0x00007ffeb5140000 - 0x00007ffeb5149000 	C:\Windows\SYSTEM32\WSOCK32.dll
0x00007ffebfaf0000 - 0x00007ffebfb13000 	C:\Windows\SYSTEM32\WINMM.dll
0x00007ffec3550000 - 0x00007ffec35ba000 	C:\Windows\System32\WS2_32.dll
0x0000024e069d0000 - 0x0000024e069fb000 	C:\Windows\SYSTEM32\WINMMBASE.dll
0x00007ffec2d50000 - 0x00007ffec2d92000 	C:\Windows\System32\cfgmgr32.dll
0x00007ffec1d00000 - 0x00007ffec1d0f000 	C:\Windows\System32\kernel.appcore.dll
0x00007ffebf0b0000 - 0x00007ffebf0ba000 	C:\Program Files\Java\jdk-14.0.2\bin\jimage.dll
0x00007ffebea90000 - 0x00007ffebec22000 	C:\Windows\SYSTEM32\DBGHELP.DLL
0x00007ffea9360000 - 0x00007ffea9389000 	C:\Windows\SYSTEM32\dbgcore.DLL
0x00007ffea9330000 - 0x00007ffea9355000 	C:\Program Files\Java\jdk-14.0.2\bin\java.dll
0x00007ffead910000 - 0x00007ffead926000 	C:\Program Files\Java\jdk-14.0.2\bin\zip.dll

dbghelp: loaded successfully - version: 4.0.5 - missing functions: none
symbol engine: initialized successfully - sym options: 0x614 - pdb path: .;C:\Program Files\Java\jdk-14.0.2\bin;C:\Windows\SYSTEM32;C:\Windows\WinSxS\amd64_microsoft.windows.common-controls_6595b64144ccf1df_6.0.14393.953_none_42151e83c686086b;C:\Program Files\Java\jdk-14.0.2\bin\server

VM Arguments:
jvm_args: -Dfile.encoding=Cp1252 
java_command: gui.Home
java_class_path (initial): E:\MavenProjectRiskManagement\MavenProjectRiskManagement\target\classes;E:\MavenProjectRiskManagement\MavenProjectRiskManagement\lib\bayesserver-9.2.jar;C:\Users\ADMIN\.m2\repository\org\apache\commons\commons-math3\3.6.1\commons-math3-3.6.1.jar;C:\Users\ADMIN\.m2\repository\org\nd4j\nd4j-api\1.0.0-beta7\nd4j-api-1.0.0-beta7.jar;C:\Users\ADMIN\.m2\repository\com\jakewharton\byteunits\byteunits\0.9.1\byteunits-0.9.1.jar;C:\Users\ADMIN\.m2\repository\com\google\flatbuffers\flatbuffers-java\1.10.0\flatbuffers-java-1.10.0.jar;C:\Users\ADMIN\.m2\repository\org\nd4j\protobuf\1.0.0-beta7\protobuf-1.0.0-beta7.jar;C:\Users\ADMIN\.m2\repository\com\github\oshi\oshi-core\3.4.2\oshi-core-3.4.2.jar;C:\Users\ADMIN\.m2\repository\net\java\dev\jna\jna-platform\4.3.0\jna-platform-4.3.0.jar;C:\Users\ADMIN\.m2\repository\net\java\dev\jna\jna\4.3.0\jna-4.3.0.jar;C:\Users\ADMIN\.m2\repository\org\threeten\threetenbp\1.3.3\threetenbp-1.3.3.jar;C:\Users\ADMIN\.m2\repository\org\slf4j\slf4j-api\1.7.21\slf4j-api-1.7.21.jar;C:\Users\ADMIN\.m2\repository\org\nd4j\jackson\1.0.0-beta7\jackson-1.0.0-beta7.jar;C:\Users\ADMIN\.m2\repository\commons-net\commons-net\3.1\commons-net-3.1.jar;C:\Users\ADMIN\.m2\repository\net\ericaro\neoitertools\1.0.0\neoitertools-1.0.0.jar;C:\Users\ADMIN\.m2\repository\org\nd4j\nd4j-common\1.0.0-beta7\nd4j-common-1.0.0-beta7.jar;C:\Users\ADMIN\.m2\repository\org\nd4j\guava\1.0.0-beta7\guava-1.0.0-beta7.jar;C:\Users\ADMIN\.m2\repository\commons-io\commons-io\2.5\commons-io-2.5.jar;C:\Users\ADMIN\.m2\repository\org\apache\commons\commons-compress\1.18\commons-compress-1.18.jar;C:\Users\ADMIN\.m2\repository\commons-codec\commons-codec\1.10\commons-codec-1.10.jar;C:\Users\ADMIN\.m2\repository\org\bytedeco\javacpp\1.5.3\javacpp-1.5.3.jar;C:\Users\ADMIN\.m2\repository\com\opencsv\opencsv\4.0\opencsv-4.0.jar;C:\Users\ADMIN\.m2\repository\org\apache\commons\commons-lang3\3.6\commons-lang3-3.6.jar;C:\Users\ADMIN\.m2\repository\org\apache\commons\c
Launcher Type: SUN_STANDARD

[Global flags]
     intx CICompilerCount                          = 3                                         {product} {ergonomic}
     uint ConcGCThreads                            = 1                                         {product} {ergonomic}
     uint G1ConcRefinementThreads                  = 4                                         {product} {ergonomic}
   size_t G1HeapRegionSize                         = 1048576                                   {product} {ergonomic}
    uintx GCDrainStackTargetSize                   = 64                                        {product} {ergonomic}
   size_t InitialHeapSize                          = 65011712                                  {product} {ergonomic}
   size_t MarkStackSize                            = 4194304                                   {product} {ergonomic}
   size_t MaxHeapSize                              = 1040187392                                {product} {ergonomic}
   size_t MinHeapDeltaBytes                        = 1048576                                   {product} {ergonomic}
   size_t MinHeapSize                              = 8388608                                   {product} {ergonomic}
    uintx NonNMethodCodeHeapSize                   = 5832780                                {pd product} {ergonomic}
    uintx NonProfiledCodeHeapSize                  = 122912730                              {pd product} {ergonomic}
    uintx ProfiledCodeHeapSize                     = 122912730                              {pd product} {ergonomic}
    uintx ReservedCodeCacheSize                    = 251658240                              {pd product} {ergonomic}
     bool SegmentedCodeCache                       = true                                      {product} {ergonomic}
   size_t SoftMaxHeapSize                          = 1040187392                             {manageable} {ergonomic}
     bool UseCompressedClassPointers               = true                                 {lp64_product} {ergonomic}
     bool UseCompressedOops                        = true                                 {lp64_product} {ergonomic}
     bool UseG1GC                                  = true                                      {product} {ergonomic}
     bool UseLargePagesIndividualAllocation        = false                                  {pd product} {ergonomic}

Logging:
Log output configuration:
 #0: stdout all=warning uptime,level,tags
 #1: stderr all=off uptime,level,tags

Environment Variables:
PATH=C:/Program Files/Java/jdk-14.0.2/bin/server;C:/Program Files/Java/jdk-14.0.2/bin;C:\Windows\system32;C:\Windows;C:\Windows\System32\Wbem;C:\Windows\System32\WindowsPowerShell\v1.0\;C:\Program Files\Git\cmd;C:\Program Files\nodejs\;C:\Users\ADMIN\AppData\Local\Microsoft\WindowsApps;C:\Users\ADMIN\AppData\Roaming\npm;C:\Users\ADMIN\AppData\Local\Programs\Microsoft VS Code\bin;C:\Users\ADMIN\Desktop;
USERNAME=ADMIN
OS=Windows_NT
PROCESSOR_IDENTIFIER=Intel64 Family 6 Model 142 Stepping 9, GenuineIntel



---------------  S Y S T E M  ---------------

OS: Windows 10 , 64 bit Build 14393 (10.0.14393.1198)
OS uptime: 11 days 23:52 hours

CPU:total 4 (initial active 4) (2 cores per cpu, 2 threads per core) family 6 model 142 stepping 9, cmov, cx8, fxsr, mmx, sse, sse2, sse3, ssse3, sse4.1, sse4.2, popcnt, avx, avx2, aes, clmul, erms, 3dnowpref, lzcnt, ht, tsc, tscinvbit, bmi1, bmi2, adx, fma

Memory: 4k page, system-wide physical 3961M (175M free)
TotalPageFile size 7961M (AvailPageFile size 64M)
current process WorkingSet (physical memory assigned to process): 10M, peak: 10M
current process commit charge ("private bytes"): 51M, peak: 113M

vm_info: Java HotSpot(TM) 64-Bit Server VM (14.0.2+12-46) for windows-amd64 JRE (14.0.2+12-46), built on Jul  9 2020 00:35:52 by "mach5one" with MS VC++ 15.9 (VS2017)

END.
